<?xml version="1.0" encoding="UTF-8"?>
<testsuite name="hu.bme.mit.train.tachograph.TachographTest" tests="1" skipped="0" failures="0" errors="0" timestamp="2023-02-13T18:32:18" hostname="RONALD" time="0.05">
  <properties/>
  <testcase name="OverridingJoystickPosition_IncreasesReferenceSpeed" classname="hu.bme.mit.train.tachograph.TachographTest" time="0.05"/>
  <system-out><![CDATA[]]></system-out>
  <system-err><![CDATA[]]></system-err>
</testsuite>
